TN:
SF:toml.js
FN:11,(anonymous_0)
FN:42,(anonymous_1)
FN:56,(anonymous_2)
FN:91,(anonymous_3)
FN:92,(anonymous_4)
FN:102,(anonymous_5)
FN:103,(anonymous_6)
FN:112,(anonymous_7)
FN:122,(anonymous_8)
FN:139,(anonymous_9)
FN:160,(anonymous_10)
FN:161,(anonymous_11)
FN:162,(anonymous_12)
FN:170,(anonymous_13)
FN:171,(anonymous_14)
FN:172,(anonymous_15)
FN:194,(anonymous_16)
FN:200,(anonymous_17)
FN:210,(anonymous_18)
FN:215,(anonymous_19)
FN:221,(anonymous_20)
FN:234,(anonymous_21)
FN:240,(anonymous_22)
FN:259,(anonymous_23)
FN:265,(anonymous_24)
FN:271,(anonymous_25)
FN:277,(anonymous_26)
FN:288,(anonymous_27)
FN:308,makeTomlStringMatcher
FN:309,stringMatcher
FN:498,(anonymous_30)
FN:501,(anonymous_31)
FN:504,(anonymous_32)
FN:507,(anonymous_33)
FN:510,(anonymous_34)
FN:516,(anonymous_35)
FNF:36
FNH:36
FNDA:3,(anonymous_0)
FNDA:33,(anonymous_1)
FNDA:5,(anonymous_2)
FNDA:3,(anonymous_3)
FNDA:162,(anonymous_4)
FNDA:3,(anonymous_5)
FNDA:411,(anonymous_6)
FNDA:87,(anonymous_7)
FNDA:55,(anonymous_8)
FNDA:24,(anonymous_9)
FNDA:70,(anonymous_10)
FNDA:70,(anonymous_11)
FNDA:70,(anonymous_12)
FNDA:55,(anonymous_13)
FNDA:55,(anonymous_14)
FNDA:55,(anonymous_15)
FNDA:28,(anonymous_16)
FNDA:245,(anonymous_17)
FNDA:245,(anonymous_18)
FNDA:3,(anonymous_19)
FNDA:183,(anonymous_20)
FNDA:3,(anonymous_21)
FNDA:531,(anonymous_22)
FNDA:3,(anonymous_23)
FNDA:3,(anonymous_24)
FNDA:3,(anonymous_25)
FNDA:92,(anonymous_26)
FNDA:163,(anonymous_27)
FNDA:3,makeTomlStringMatcher
FNDA:818,stringMatcher
FNDA:147,(anonymous_30)
FNDA:4400,(anonymous_31)
FNDA:4372,(anonymous_32)
FNDA:4372,(anonymous_33)
FNDA:124,(anonymous_34)
FNDA:24,(anonymous_35)
DA:3,1
DA:4,1
DA:9,1
DA:11,1
DA:13,3
DA:44,33
DA:45,33
DA:51,33
DA:57,5
DA:58,5
DA:62,5
DA:88,3
DA:89,3
DA:90,3
DA:91,3
DA:92,3
DA:93,162
DA:102,3
DA:103,3
DA:104,411
DA:112,87
DA:123,55
DA:124,55
DA:125,9
DA:126,9
DA:127,9
DA:130,46
DA:140,24
DA:143,24
DA:144,2
DA:146,2
DA:147,2
DA:149,2
DA:152,22
DA:160,70
DA:161,70
DA:163,70
DA:164,70
DA:170,55
DA:171,55
DA:173,55
DA:175,55
DA:176,3
DA:178,3
DA:179,3
DA:181,3
DA:184,52
DA:196,28
DA:201,245
DA:202,237
DA:211,245
DA:212,245
DA:215,3
DA:216,3
DA:221,183
DA:234,3
DA:235,3
DA:240,531
DA:259,3
DA:260,3
DA:265,3
DA:266,3
DA:271,3
DA:272,3
DA:278,92
DA:289,163
DA:290,71
DA:305,1
DA:309,3
DA:310,818
DA:311,818
DA:312,818
DA:313,818
DA:314,818
DA:315,818
DA:316,818
DA:317,818
DA:318,818
DA:319,438
DA:321,380
DA:322,67
DA:323,9
DA:324,9
DA:325,9
DA:327,58
DA:328,58
DA:329,58
DA:333,371
DA:334,58
DA:335,14
DA:336,14
DA:339,371
DA:340,371
DA:341,4796
DA:342,4796
DA:343,4796
DA:345,4796
DA:347,24
DA:348,0
DA:350,24
DA:351,24
DA:352,24
DA:353,24
DA:355,400
DA:357,89
DA:358,16
DA:362,16
DA:364,73
DA:365,15
DA:366,15
DA:367,15
DA:368,15
DA:370,15
DA:372,58
DA:373,58
DA:374,58
DA:375,7
DA:376,7
DA:379,58
DA:380,3
DA:381,3
DA:385,369
DA:386,369
DA:387,369
DA:389,0
DA:391,4372
DA:392,0
DA:394,4372
DA:396,0
DA:398,4372
DA:401,1006
DA:402,1006
DA:404,3366
DA:405,147
DA:407,147
DA:408,54
DA:409,54
DA:411,93
DA:412,39
DA:413,39
DA:414,39
DA:415,0
DA:416,0
DA:417,0
DA:418,0
DA:419,0
DA:421,39
DA:423,39
DA:424,39
DA:425,39
DA:426,39
DA:432,54
DA:433,28
DA:434,28
DA:435,28
DA:436,28
DA:437,124
DA:438,124
DA:439,0
DA:441,124
DA:443,28
DA:444,28
DA:445,2
DA:447,26
DA:448,26
DA:458,26
DA:461,24
DA:467,127
DA:469,24
DA:472,2
DA:473,2
DA:475,3219
DA:476,3219
DA:479,369
DA:481,369
DA:482,369
DA:483,369
DA:484,369
DA:486,369
DA:489,1
DA:498,1
DA:499,147
DA:501,1
DA:502,4400
DA:504,1
DA:505,4372
DA:507,1
DA:508,4372
DA:510,1
DA:511,124
DA:515,1
DA:516,1
DA:517,24
DA:520,1
LF:194
LH:184
BRDA:46,0,0,10
BRDA:46,0,1,23
BRDA:48,1,0,4
BRDA:48,1,1,29
BRDA:112,2,0,87
BRDA:112,2,1,87
BRDA:124,3,0,9
BRDA:124,3,1,46
BRDA:124,4,0,55
BRDA:124,4,1,12
BRDA:127,5,0,9
BRDA:127,5,1,0
BRDA:130,6,0,46
BRDA:130,6,1,22
BRDA:143,7,0,2
BRDA:143,7,1,22
BRDA:147,8,0,2
BRDA:147,8,1,0
BRDA:149,9,0,2
BRDA:149,9,1,0
BRDA:152,10,0,22
BRDA:152,10,1,17
BRDA:160,11,0,70
BRDA:160,11,1,54
BRDA:161,12,0,70
BRDA:161,12,1,16
BRDA:165,13,0,70
BRDA:165,13,1,58
BRDA:165,14,0,8
BRDA:165,14,1,50
BRDA:170,15,0,55
BRDA:170,15,1,43
BRDA:171,16,0,55
BRDA:171,16,1,12
BRDA:175,17,0,3
BRDA:175,17,1,52
BRDA:179,18,0,3
BRDA:179,18,1,0
BRDA:181,19,0,3
BRDA:181,19,1,3
BRDA:185,20,0,52
BRDA:185,20,1,48
BRDA:185,21,0,8
BRDA:185,21,1,40
BRDA:201,22,0,237
BRDA:201,22,1,8
BRDA:278,23,0,92
BRDA:278,23,1,59
BRDA:289,24,0,71
BRDA:289,24,1,92
BRDA:318,25,0,438
BRDA:318,25,1,380
BRDA:318,26,0,818
BRDA:318,26,1,751
BRDA:321,27,0,67
BRDA:321,27,1,313
BRDA:322,28,0,9
BRDA:322,28,1,58
BRDA:333,29,0,58
BRDA:333,29,1,313
BRDA:334,30,0,14
BRDA:334,30,1,44
BRDA:345,31,0,24
BRDA:345,31,1,400
BRDA:345,31,2,0
BRDA:345,31,3,4372
BRDA:347,32,0,0
BRDA:347,32,1,24
BRDA:355,33,0,89
BRDA:355,33,1,311
BRDA:357,34,0,16
BRDA:357,34,1,73
BRDA:364,35,0,15
BRDA:364,35,1,58
BRDA:374,36,0,7
BRDA:374,36,1,51
BRDA:379,37,0,3
BRDA:379,37,1,55
BRDA:391,38,0,0
BRDA:391,38,1,4372
BRDA:394,39,0,0
BRDA:394,39,1,4372
BRDA:394,40,0,4372
BRDA:394,40,1,4372
BRDA:398,41,0,1006
BRDA:398,41,1,3366
BRDA:404,42,0,147
BRDA:404,42,1,3219
BRDA:407,43,0,54
BRDA:407,43,1,93
BRDA:411,44,0,39
BRDA:411,44,1,54
BRDA:414,45,0,0
BRDA:414,45,1,39
BRDA:432,46,0,28
BRDA:432,46,1,26
BRDA:432,47,0,54
BRDA:432,47,1,29
BRDA:434,48,0,25
BRDA:434,48,1,3
BRDA:438,49,0,0
BRDA:438,49,1,124
BRDA:438,50,0,124
BRDA:438,50,1,124
BRDA:444,51,0,2
BRDA:444,51,1,26
BRDA:458,52,0,24
BRDA:458,52,1,2
BRDA:458,53,0,26
BRDA:458,53,1,24
BRDA:458,53,2,21
BRDA:458,53,3,1
BRDA:461,54,0,151
BRDA:461,54,1,119
BRDA:461,54,2,32
BRDA:461,54,3,0
BRDA:461,54,4,32
BRDA:461,54,5,8
BRDA:461,54,6,24
BRDA:461,54,7,0
BRDA:461,54,8,0
BRDA:505,55,0,4372
BRDA:505,55,1,4372
BRDA:505,55,2,4367
BRDA:508,56,0,4372
BRDA:508,56,1,5
BRDA:511,57,0,124
BRDA:511,57,1,25
BRDA:511,57,2,118
BRDA:511,57,3,19
BRDA:511,57,4,99
BRDA:511,57,5,99
BRDA:517,58,0,24
BRDA:517,58,1,22
BRF:134
BRH:121
end_of_record
TN:
SF:test/toml-fixtures.js
FNF:0
FNH:0
DA:1,1
LF:1
LH:1
BRF:0
BRH:0
end_of_record
