TN:
SF:toml.js
FN:6,(anonymous_0)
FN:42,(anonymous_1)
FN:42,(anonymous_2)
FN:50,(anonymous_3)
FN:55,(anonymous_4)
FN:66,(anonymous_5)
FN:73,(anonymous_6)
FN:83,(anonymous_7)
FN:89,(anonymous_8)
FN:95,(anonymous_9)
FN:109,(anonymous_10)
FN:117,(anonymous_11)
FN:127,(anonymous_12)
FN:129,(anonymous_13)
FN:136,(anonymous_14)
FN:138,(anonymous_15)
FN:145,(anonymous_16)
FN:147,(anonymous_17)
FN:153,(anonymous_18)
FN:159,(anonymous_19)
FN:164,(anonymous_20)
FN:171,(anonymous_21)
FN:178,(anonymous_22)
FN:184,(anonymous_23)
FN:188,(anonymous_24)
FN:190,(anonymous_25)
FN:199,(anonymous_26)
FN:203,(anonymous_27)
FNF:28
FNH:28
FNDA:3,(anonymous_0)
FNDA:3,(anonymous_1)
FNDA:308,(anonymous_2)
FNDA:3,(anonymous_3)
FNDA:7,(anonymous_4)
FNDA:5,(anonymous_5)
FNDA:3,(anonymous_6)
FNDA:16,(anonymous_7)
FNDA:15,(anonymous_8)
FNDA:9,(anonymous_9)
FNDA:68,(anonymous_10)
FNDA:3,(anonymous_11)
FNDA:17,(anonymous_12)
FNDA:17,(anonymous_13)
FNDA:12,(anonymous_14)
FNDA:12,(anonymous_15)
FNDA:27,(anonymous_16)
FNDA:27,(anonymous_17)
FNDA:74,(anonymous_18)
FNDA:27,(anonymous_19)
FNDA:27,(anonymous_20)
FNDA:7,(anonymous_21)
FNDA:25,(anonymous_22)
FNDA:3,(anonymous_23)
FNDA:20,(anonymous_24)
FNDA:12,(anonymous_25)
FNDA:3,(anonymous_26)
FNDA:26,(anonymous_27)
DA:3,1
DA:4,1
DA:6,1
DA:7,3
DA:8,3
DA:20,3
DA:40,3
DA:42,3
DA:43,308
DA:44,13
DA:47,308
DA:49,3
DA:50,3
DA:51,3
DA:55,7
DA:66,5
DA:71,3
DA:73,3
DA:74,3
DA:83,16
DA:89,15
DA:95,9
DA:110,68
DA:111,20
DA:112,20
DA:115,3
DA:117,3
DA:118,3
DA:127,17
DA:130,17
DA:136,12
DA:139,12
DA:145,27
DA:148,27
DA:159,27
DA:164,27
DA:171,7
DA:178,25
DA:182,3
DA:184,3
DA:185,3
DA:188,20
DA:191,12
DA:192,12
DA:199,3
DA:200,3
DA:203,26
DA:213,3
DA:216,1
DA:218,1
LF:50
LH:50
BRDA:43,0,0,13
BRDA:43,0,1,295
BRDA:95,1,0,9
BRDA:95,1,1,9
BRDA:110,2,0,20
BRDA:110,2,1,48
BRDA:159,3,0,27
BRDA:159,3,1,0
BRDA:192,4,0,12
BRDA:192,4,1,10
BRF:10
BRH:9
end_of_record
TN:
SF:test/toml-fixtures.js
FNF:0
FNH:0
DA:2,1
LF:1
LH:1
BRF:0
BRH:0
end_of_record
